d:\graduateyear2\computergraphic\cgassignments\a2magiccube\debug\vc120.pdb
d:\graduateyear2\computergraphic\cgassignments\a2magiccube\debug\vc120.idb
d:\graduateyear2\computergraphic\cgassignments\a2magiccube\debug\magiccube.nativecodeanalysis.xml
d:\graduateyear2\computergraphic\cgassignments\a2magiccube\debug\main.nativecodeanalysis.xml
d:\graduateyear2\computergraphic\cgassignments\a2magiccube\debug\ray.nativecodeanalysis.xml
d:\graduateyear2\computergraphic\cgassignments\a2magiccube\debug\ray.obj
d:\graduateyear2\computergraphic\cgassignments\a2magiccube\debug\main.obj
d:\graduateyear2\computergraphic\cgassignments\a2magiccube\debug\magiccube.obj
d:\graduateyear2\computergraphic\cgassignments\debug\a2magiccube.ilk
d:\graduateyear2\computergraphic\cgassignments\debug\a2magiccube.exe
d:\graduateyear2\computergraphic\cgassignments\debug\a2magiccube.pdb
d:\graduateyear2\computergraphic\cgassignments\a2magiccube\debug\nativecodeanalysis.read.1.tlog
d:\graduateyear2\computergraphic\cgassignments\a2magiccube\debug\vc.nativecodeanalysis.all.xml
d:\graduateyear2\computergraphic\cgassignments\debug\a2magiccube.exe.lastcodeanalysissucceeded
d:\graduateyear2\computergraphic\cgassignments\a2magiccube\debug\a2magiccube.tlog\cl.command.1.tlog
d:\graduateyear2\computergraphic\cgassignments\a2magiccube\debug\a2magiccube.tlog\cl.read.1.tlog
d:\graduateyear2\computergraphic\cgassignments\a2magiccube\debug\a2magiccube.tlog\cl.write.1.tlog
d:\graduateyear2\computergraphic\cgassignments\a2magiccube\debug\a2magiccube.tlog\link.command.1.tlog
d:\graduateyear2\computergraphic\cgassignments\a2magiccube\debug\a2magiccube.tlog\link.read.1.tlog
d:\graduateyear2\computergraphic\cgassignments\a2magiccube\debug\a2magiccube.tlog\link.write.1.tlog
