d:\graduateyear2\computergraphic\cgassignments\a6terrainengine\debug\vc120.pdb
d:\graduateyear2\computergraphic\cgassignments\a6terrainengine\debug\vc120.idb
d:\graduateyear2\computergraphic\cgassignments\a6terrainengine\debug\main.nativecodeanalysis.xml
d:\graduateyear2\computergraphic\cgassignments\a6terrainengine\debug\sky.nativecodeanalysis.xml
d:\graduateyear2\computergraphic\cgassignments\a6terrainengine\debug\terrain.nativecodeanalysis.xml
d:\graduateyear2\computergraphic\cgassignments\a6terrainengine\debug\water.nativecodeanalysis.xml
d:\graduateyear2\computergraphic\cgassignments\a6terrainengine\debug\water.obj
d:\graduateyear2\computergraphic\cgassignments\a6terrainengine\debug\terrain.obj
d:\graduateyear2\computergraphic\cgassignments\a6terrainengine\debug\sky.obj
d:\graduateyear2\computergraphic\cgassignments\a6terrainengine\debug\main.obj
d:\graduateyear2\computergraphic\cgassignments\debug\a6terrainengine.ilk
d:\graduateyear2\computergraphic\cgassignments\debug\a6terrainengine.exe
d:\graduateyear2\computergraphic\cgassignments\debug\a6terrainengine.pdb
d:\graduateyear2\computergraphic\cgassignments\a6terrainengine\debug\nativecodeanalysis.read.1.tlog
d:\graduateyear2\computergraphic\cgassignments\a6terrainengine\debug\vc.nativecodeanalysis.all.xml
d:\graduateyear2\computergraphic\cgassignments\debug\a6terrainengine.exe.lastcodeanalysissucceeded
d:\graduateyear2\computergraphic\cgassignments\a6terrainengine\debug\a6terrainengine.tlog\cl.command.1.tlog
d:\graduateyear2\computergraphic\cgassignments\a6terrainengine\debug\a6terrainengine.tlog\cl.read.1.tlog
d:\graduateyear2\computergraphic\cgassignments\a6terrainengine\debug\a6terrainengine.tlog\cl.write.1.tlog
d:\graduateyear2\computergraphic\cgassignments\a6terrainengine\debug\a6terrainengine.tlog\link.command.1.tlog
d:\graduateyear2\computergraphic\cgassignments\a6terrainengine\debug\a6terrainengine.tlog\link.read.1.tlog
d:\graduateyear2\computergraphic\cgassignments\a6terrainengine\debug\a6terrainengine.tlog\link.write.1.tlog
